<?xml version='1.0' encoding='UTF-8'?>
<testsuite hostname="NYNB01647" name="integration.business.SuitableAssigmentsTest" tests="2" errors="0" failures="0" skipped="0" time="0.406" timestamp="2018-12-13T09:54:26">
                     <properties>
[...]
</properties>
                     <testcase classname="integration.business.SuitableAssigmentsTest" name="Pets must be assigned to masters" time="0.206">
                                                 
                                               </testcase><testcase classname="integration.business.SuitableAssigmentsTest" name="Pets must be assigned to roles" time="0.2">
                                                 
                                               </testcase>
                     <system-out><![CDATA[]]></system-out>
                     <system-err><![CDATA[]]></system-err>
                   </testsuite>